
'클렌징폼' 검색을 시작합니다...
5개의 상품을 찾았습니다. DB 입력을 시작합니다.
입력 완료: 라곰 수분 폼클렌징 듀오 마이크로 폼 클렌저150mL+젤 투 워터 클렌저220mL
입력 완료: 센카퍼펙트휩 페이셜 워시 시세이도 일본 클린징폼 세안제 120g
입력 완료: 센카 퍼펙트휩 폼클렌징 페이셜 워시 시세이도 세안제 120gx3개+40g 코스트코
입력 완료: 닥터지 폼클렌징 올리브영 약산성 클렌징폼 청소년여드름 남자세안제
입력 완료: 풀리 비건 그린 토마토 클레이 팩 클렌저  120ml  1개
모든 작업이 완료되었습니다.

'스킨,토너' 검색을 시작합니다...
10개의 상품을 찾았습니다. DB 입력을 시작합니다.
입력 완료: 아누아 어성초 77% 토너 500ml, 1개
입력 완료: 아브카 히알루론산 모공 토너 1000ml, 1개
입력 완료: 라운드랩 1025 독도 토너 500ml, 1개
입력 완료: 상떼 아줄렌 수분 속건조 진정 대용량 수더 토너 500ml+펌프
입력 완료: 아브카 저분자 히알루론산 대용량 모공 토너 1000ml, 2개
입력 완료: 닥터지 레드 블레미쉬 클리어 수딩 토너 500ml, 1개
입력 완료: 아비브 어성초 카밍 토너 스킨 부스터 200ml, 1개
입력 완료: 라네즈 크림 스킨 170ml(건성, 민감성), 1개
입력 완료: 키엘 칼렌듈라 허벌 엑스트렉트 토너 500ml(중건성, 중성, 중지성), 1개
입력 완료: 토리든 다이브인 저분자 히알루론산 토너 300ml(지성, 복합성), 1개
모든 작업이 완료되었습니다.

10개의 상품을 찾았습니다. DB 입력을 시작합니다.
입력 완료: 에스트라 아토베리어 365 로션 150ml, 1개
입력 완료: 제로이드 인텐시브 로션 엠디 300ml, 1개
입력 완료: 라운드랩 1025 독도 로션 400ml, 1개
입력 완료: 피지오겔 데일리 모이스쳐 테라피 페이셜 로션 200ml, 2개
입력 완료: 바이오더마 하이드라비오 에센스 로션 200ml, 1개
입력 완료: 크리니크 드라마티컬리 디퍼런트 모이스처라이징 로션 125ml(건성, 복합성), 1개
입력 완료: 아누아 어성초 70 데일리 릴리프 로션 200ml, 1개
입력 완료: 애터미 더페임 로션 135ml, 1개
입력 완료: 제로이드 인텐시브 로션 MD 200ml, 1개
입력 완료: 에스트라 아토베리어 로션 엠디 300ml, 1개
모든 작업이 완료되었습니다.

'에센스,세럼' 검색을 시작합니다...
10개의 상품을 찾았습니다. DB 입력을 시작합니다.
입력 완료: 성분에디터 그린토마토 모공 앰플 30ml 2개 장영란 토마토앰플
입력 완료: 에스티로더 갈색병 7세대 100ml, 1개
입력 완료: 레티놀 0.2% 인 스쿠알란 30ml
입력 완료: 1+1 마미케어 바다포도 앰플 모공 50ml
입력 완료: 디오디너리 나이아신아마이드 미백 앰플 Niacinamide 10% 30ml
입력 완료: 설화수 윤조 에센스 6세대 90ml, 1개
입력 완료: 이지듀 디더블유 이지에프 멜라토닝 원데이 앰플 15ml, 1개
입력 완료: 토리든 다이브인 저분자 히알루론산 세럼 50ml, 1개
입력 완료: 브이티코스메틱 VT 리들샷 300 50ml, 1개
입력 완료: 브이티코스메틱 VT 리들샷 100 50ml, 1개
모든 작업이 완료되었습니다.

'크림' 검색을 시작합니다...
10개의 상품을 찾았습니다. DB 입력을 시작합니다.
입력 완료: 에스트라 아토베리어365 크림 80ml(신형), 2개
입력 완료: 센텔리안24 마데카 크림 타임리버스 50ml, 1개
입력 완료: 설화수 탄력 크림 EX 75ml, 1개
입력 완료: 아누아 어성초 센텔라 레드 스팟 크림 30ml, 1개
입력 완료: 미라클뮤즈아하바하메디크림 재생멜라닌기미 멜라논멜라토닌멜라토닝 멜라노사색소침착스티바a 연고X
입력 완료: 멜라토닝 멜라노사 기미레이저 크림 검버섯 흑자 제거 연고 피부착색 레티놀 비타민A 멜라논 
입력 완료: 피디알엔 재생 크림 (EGF 시카 미백 탄력 영양 보습 수분 크림)
입력 완료: 라로슈포제 시카플라스트 밤 B5+ 100ml, 1개
입력 완료: 아크노프 세라지에프 크림 50ml, 1개
입력 완료: 메라블 루비알엔 피코샷 크림 PDRN 기미 미백 케어  1개  55g
모든 작업이 완료되었습니다.

'마스크팩' 검색을 시작합니다...
5개의 상품을 찾았습니다. DB 입력을 시작합니다.
입력 완료: 코스더블유 마스크팩 마이 리얼 스킨 에그화이트 1매
입력 완료: 메디힐 베스트 에센셜 마스크팩 3종 30매 (티트리+콜라겐+히알루론산)
입력 완료: JHP 마스크팩 비타 미백 콜라겐 탄력 뽑아쓰는 수분 진정 보습 얼굴팩 30+5매
입력 완료: 메디힐 남자 마스크팩 블랙 숯 화이트닝 팩 WHP HDP 총 10매
입력 완료: 메디힐 마스크팩 총 10매 메디힐8 프리메이1 니들1
모든 작업이 완료되었습니다.

'선크림' 검색을 시작합니다...
10개의 상품을 찾았습니다. DB 입력을 시작합니다.
입력 완료: 헤라 유브이 프로텍터 톤업 50ml(SPF50+), 1개
입력 완료: 달바 워터풀 톤업 선크림 50ml(SPF50+), 2개
입력 완료: 일본 비오레 아쿠아리치 워터리 에센스 선크림 70g
입력 완료: 라운드랩 자작나무 수분 선크림 50ml(SPF50+), 1개
입력 완료: (25년 최신상품) 인셀덤 선크림 리뉴얼 모이스쳐 레이어 선 프로텍터 젤 썬크림 50ml        
입력 완료: [본사최신제품]인셀덤 선크림 썬크림 끈적임없는선크림 썬젤 선젤 50ml
입력 완료: 헤라 선 메이트 레포츠 프로 워터프루프 70ml - 선크림 선블록 데일리
입력 완료: 이니스프리 톤 업 노세범 선스크린 EX 35ml(SPF50+), 2개
입력 완료: 닥터지 그린 마일드 업 썬크림 130ml 무기자차 대용량 올리브영
입력 완료: 달바 워터풀 에센스 선크림 50ml(SPF50+), 1개
모든 작업이 완료되었습니다.

+40개 추가(모이스처라이징)
중복 방지 로직 추가: 같은 이름과 브랜드의 상품이 이미 있는지 확인 후 INSERT

'스킨,토너' 검색을 시작합니다...
20개의 상품을 찾았습니다. DB 입력을 시작합니다.
입력 완료: 아누아 어성초 77% 토너 500ml, 1개
입력 완료: 아브카 히알루론산 모공 토너 1000ml, 1개
입력 완료: 라운드랩 1025 독도 토너 500ml, 1개
입력 완료: 상떼 아줄렌 수분 속건조 진정 대용량 수더 토너 500ml+펌프
입력 완료: 아브카 저분자 히알루론산 대용량 모공 토너 1000ml, 2개
입력 완료: 닥터지 레드 블레미쉬 클리어 수딩 토너 500ml, 1개
입력 완료: 아비브 어성초 카밍 토너 스킨 부스터 200ml, 1개
입력 완료: 라네즈 크림 스킨 170ml(건성, 민감성), 1개
입력 완료: 키엘 칼렌듈라 허벌 엑스트렉트 토너 500ml(중건성, 중성, 중지성), 1개
입력 완료: 토리든 다이브인 저분자 히알루론산 토너 300ml(지성, 복합성), 1개
입력 완료: 설화수 자음수 150ml, 1개
입력 완료: 라운드랩 1025 독도 토너 500ml+100ml 대용량 기획 스킨
입력 완료: 브링그린 티트리 시카 수딩 토너 500ml, 1개
입력 완료: 애터미 더페임 토너 150ml, 1개
입력 완료: 에스네이처 아쿠아 오아시스 토너 300ml, 1개
입력 완료: 1+1 더랩바이블랑두 올리고 히알루론산 토너
입력 완료: 참존 탑클래스 리프팅 스킨 120ml, 1개
입력 완료: 바이오더마 하이드라비오 토너 250ml, 2개
입력 완료: 리쥬란힐러 리밸런싱 토너 120ml, 1개
입력 완료: 코스알엑스 풀핏 프로폴리스 시너지 토너 280ml, 1개
모든 작업이 완료되었습니다.

'로션,에멀전' 검색을 시작합니다...
20개의 상품을 찾았습니다. DB 입력을 시작합니다.
입력 완료: 에스트라 아토베리어 365 로션 150ml, 1개
입력 완료: 라운드랩 1025 독도 로션 400ml, 1개
입력 완료: 제로이드 인텐시브 로션 엠디 300ml, 1개
입력 완료: 피지오겔 데일리 모이스쳐 테라피 페이셜 로션 200ml, 2개
입력 완료: 바이오더마 하이드라비오 에센스 로션 200ml, 1개
입력 완료: 크리니크 드라마티컬리 디퍼런트 모이스처라이징 로션 125ml(건성, 복합성), 1개
입력 완료: 아누아 어성초 70 데일리 릴리프 로션 200ml, 1개
입력 완료: 애터미 더페임 로션 135ml, 1개
입력 완료: 제로이드 인텐시브 로션 MD 200ml, 1개
입력 완료: 에스트라 아토베리어 로션 엠디 300ml, 1개
입력 완료: 설화수 자음 유액 125ml, 1개
입력 완료: 마몽드 프로바이오틱스 세라마이드 에멀젼 150ml, 1개
입력 완료: 아벤느 트릭세라 뉴트리 플루이드 로션 200ml, 1개
입력 완료: 참존 탑클래스 리프팅 에멀전 120ml, 1개
입력 완료: 제로이드 수딩 로션 200ml, 1개
입력 완료: 이니스프리 비자 트러블 로션 100ml(신형), 1개
입력 완료: 한율 빨간쌀 보습탄력 에멀젼 125ml, 1개
입력 완료: 피지오겔 레드 수딩 AI 로션 200ml, 2개
입력 완료: 셀퓨전씨 엑스퍼트 배리덤 로션 엠디 300ml, 1개
입력 완료: 온그리디언츠 스킨 베리어 카밍 로션 220ml, 1개
모든 작업이 완료되었습니다.

'에센스,세럼' 검색을 시작합니다...
20개의 상품을 찾았습니다. DB 입력을 시작합니다.
입력 완료: 성분에디터 그린토마토 모공 앰플 30ml 2개 장영란 토마토앰플
입력 완료: 에스티로더 갈색병 7세대 100ml, 1개
입력 완료: 레티놀 0.2% 인 스쿠알란 30ml
입력 완료: 디오디너리 나이아신아마이드 미백 앰플 Niacinamide 10% 30ml
입력 완료: 설화수 윤조 에센스 6세대 90ml, 1개
입력 완료: 토리든 다이브인 저분자 히알루론산 세럼 50ml, 1개
입력 완료: 이지듀 디더블유 이지에프 멜라토닝 원데이 앰플 15ml, 1개
입력 완료: 1+1 마미케어 바다포도 앰플 모공 50ml
입력 완료: 브이티코스메틱 VT 리들샷 300 50ml, 1개
입력 완료: 브이티코스메틱 VT 리들샷 100 50ml, 1개
입력 완료: 알엑스더마 피디알엔 바이옴 글로우 앰플 30ml, 1개
입력 완료: 오쏘타민 비타민 앰플 바티민C 마미케어 15ml
입력 완료: 1+1 이지듀 기미앰플 대용량 (총30ml) DW-EGF 멜라토닝 미백앰플 대웅제약 한가인
입력 완료: 나린플라 EGF 고밀도 3F 앰플 ( 주름 탄력 피부과 시술 후 재생 MTS )
입력 완료: 매스티나 최대용량 화이트매스틱 기미관리 퍼펙트 앰플 특대용량세트 TV상품
입력 완료: 스킨수티컬즈 C E 페룰릭 30ml, 1개
입력 완료: 시카 병풀 세라마이드 스쿠알란 히알루론산 진정보습 카밍듀 앰플 30ml, 1개
입력 완료: [위글랜] 진생리페어 속광 앰플 30ml/ 속건조 디판테놀 / 예비신부 앰플
입력 완료: 리나스 앰플 세럼에센스 미백 모공 기미 잡티 수분 비타민c 화장품50ml
입력 완료: 디오디너리 나이아신아마이드 10% + 징크 1% 60ml, 1개
모든 작업이 완료되었습니다.

'크림' 검색을 시작합니다...
20개의 상품을 찾았습니다. DB 입력을 시작합니다.
입력 완료: 에스트라 아토베리어365 크림 80ml(신형), 2개
입력 완료: 센텔리안24 마데카 크림 타임리버스 50ml, 1개
입력 완료: 설화수 탄력 크림 EX 75ml, 1개
입력 완료: 아누아 어성초 센텔라 레드 스팟 크림 30ml, 1개
입력 완료: 미라클뮤즈아하바하메디크림 재생멜라닌기미 멜라논멜라토닌멜라토닝 멜라노사색소침착스티바a 연고X
입력 완료: 멜라토닝 멜라노사 기미레이저 크림 검버섯 흑자 제거 연고 피부착색 레티놀 비타민A 멜라논 
입력 완료: 메라블 루비알엔 피코샷 크림 PDRN 기미 미백 케어  1개  55g
입력 완료: 피디알엔 재생 크림 (EGF 시카 미백 탄력 영양 보습 수분 크림)
입력 완료: 라로슈포제 시카플라스트 밤 B5+ 100ml, 1개
입력 완료: 아크노프 세라지에프 크림 50ml, 1개
입력 완료: [최신상] 마데카크림 센텔리안24 타이트리프팅 크림 50ml 1+1
입력 완료: 닥터지 레드 블레미쉬 클리어 크림 70ml, 1개
입력 완료: 지아자 산양유 나이트 크림 50ml, 1개
입력 완료: 에스트라 아토베리어 365 크림 80ml + 30ml(신형), 1개
입력 완료: 센텔리안24 더 마데카 크림 50ml, 1개
입력 완료: 닥터지 로얄 블랙 스네일 크림 50ml, 1개
입력 완료: [오브네쥬] 퍼미에잇 365 영양 보습 수분 크림 50ml
입력 완료: 메디필 멜라논 엑스 크림 30ml, 1개
입력 완료: 김정문알로에 큐어 인텐시브 2X 크림 50ml, 2개
입력 완료: 코스알엑스 더 레티놀 0.1 크림 20ml, 1개
모든 작업이 완료되었습니다.