2025-09-04 01:50:43,964 - INFO - ============================================================
2025-09-04 01:50:43,965 - INFO - 화장품 성분 데이터 안전 수집 시작
2025-09-04 01:50:43,965 - INFO - ============================================================
2025-09-04 01:50:44,343 - INFO - 수집 대상: 21,551개 성분
2025-09-04 01:50:44,343 - INFO - 📊 페이지 1/216 (0.5%) | 예상 남은 시간: 0.0분
2025-09-04 01:50:44,736 - INFO - 배치 저장: 100개 성공
2025-09-04 01:50:45,344 - INFO - 배치 저장: 100개 성공
2025-09-04 01:50:45,971 - INFO - 배치 저장: 100개 성공
2025-09-04 01:50:46,551 - INFO - 배치 저장: 100개 성공
2025-09-04 01:50:47,252 - INFO - 배치 저장: 100개 성공
2025-09-04 01:50:47,858 - INFO - 배치 저장: 100개 성공
2025-09-04 01:50:48,457 - INFO - 배치 저장: 100개 성공
2025-09-04 01:50:49,080 - INFO - 배치 저장: 100개 성공
2025-09-04 01:50:49,711 - INFO - 배치 저장: 100개 성공
2025-09-04 01:50:49,912 - INFO - 📊 페이지 10/216 (4.6%) | 예상 남은 시간: 1.9분
2025-09-04 01:50:50,336 - INFO - 배치 저장: 100개 성공
2025-09-04 01:50:50,922 - INFO - 배치 저장: 100개 성공
2025-09-04 01:50:51,501 - INFO - 배치 저장: 100개 성공
2025-09-04 01:50:52,121 - INFO - 배치 저장: 100개 성공
2025-09-04 01:50:52,741 - INFO - 배치 저장: 100개 성공
2025-09-04 01:50:53,328 - INFO - 배치 저장: 100개 성공
2025-09-04 01:50:53,955 - INFO - 배치 저장: 100개 성공
2025-09-04 01:50:54,558 - INFO - 배치 저장: 100개 성공
2025-09-04 01:50:55,155 - INFO - 배치 저장: 100개 성공
2025-09-04 01:50:55,753 - INFO - 배치 저장: 100개 성공
2025-09-04 01:50:55,954 - INFO - 📊 페이지 20/216 (9.3%) | 예상 남은 시간: 1.9분
2025-09-04 01:50:56,381 - INFO - 배치 저장: 100개 성공
2025-09-04 01:50:57,010 - INFO - 배치 저장: 100개 성공
2025-09-04 01:50:57,608 - INFO - 배치 저장: 100개 성공
2025-09-04 01:50:58,259 - INFO - 배치 저장: 100개 성공
2025-09-04 01:50:58,896 - INFO - 배치 저장: 100개 성공
2025-09-04 01:50:59,492 - INFO - 배치 저장: 100개 성공
2025-09-04 01:51:00,125 - INFO - 배치 저장: 100개 성공
2025-09-04 01:51:00,742 - INFO - 배치 저장: 100개 성공
2025-09-04 01:51:01,362 - INFO - 배치 저장: 100개 성공
2025-09-04 01:51:02,007 - INFO - 배치 저장: 100개 성공
2025-09-04 01:51:02,208 - INFO - 📊 페이지 30/216 (13.9%) | 예상 남은 시간: 1.8분
2025-09-04 01:51:02,694 - INFO - 배치 저장: 100개 성공
2025-09-04 01:51:03,348 - INFO - 배치 저장: 100개 성공
2025-09-04 01:51:04,018 - INFO - 배치 저장: 100개 성공
2025-09-04 01:51:04,938 - INFO - 배치 저장: 100개 성공
2025-09-04 01:51:05,669 - INFO - 배치 저장: 100개 성공
2025-09-04 01:51:06,328 - INFO - 배치 저장: 100개 성공
2025-09-04 01:51:06,971 - INFO - 배치 저장: 100개 성공
2025-09-04 01:51:07,568 - INFO - 배치 저장: 100개 성공
2025-09-04 01:51:08,290 - INFO - 배치 저장: 100개 성공
2025-09-04 01:51:08,915 - INFO - 배치 저장: 100개 성공
2025-09-04 01:51:09,116 - INFO - 📊 페이지 40/216 (18.5%) | 예상 남은 시간: 1.8분
2025-09-04 01:51:09,551 - INFO - 배치 저장: 100개 성공
2025-09-04 01:51:10,156 - INFO - 배치 저장: 100개 성공
2025-09-04 01:51:10,823 - INFO - 배치 저장: 100개 성공
2025-09-04 01:51:11,600 - INFO - 배치 저장: 100개 성공
2025-09-04 01:51:12,213 - INFO - 배치 저장: 100개 성공
2025-09-04 01:51:12,818 - INFO - 배치 저장: 100개 성공
2025-09-04 01:51:13,400 - INFO - 배치 저장: 100개 성공
2025-09-04 01:51:14,583 - INFO - 배치 저장: 100개 성공
2025-09-04 01:51:15,197 - INFO - 배치 저장: 100개 성공
2025-09-04 01:51:15,775 - INFO - 배치 저장: 100개 성공
2025-09-04 01:51:15,975 - INFO - 📊 페이지 50/216 (23.1%) | 예상 남은 시간: 1.8분
2025-09-04 01:51:16,397 - INFO - 배치 저장: 100개 성공
2025-09-04 01:51:16,397 - INFO - 🔄 중간 저장 현황: 5,000개 저장 완료
2025-09-04 01:51:16,991 - INFO - 배치 저장: 100개 성공
2025-09-04 01:51:17,590 - INFO - 배치 저장: 100개 성공
2025-09-04 01:51:18,199 - INFO - 배치 저장: 100개 성공
2025-09-04 01:51:18,818 - INFO - 배치 저장: 100개 성공
2025-09-04 01:51:19,434 - INFO - 배치 저장: 100개 성공
2025-09-04 01:51:20,028 - INFO - 배치 저장: 100개 성공
2025-09-04 01:51:20,746 - INFO - 배치 저장: 100개 성공
2025-09-04 01:51:21,391 - INFO - 배치 저장: 100개 성공
2025-09-04 01:51:22,021 - INFO - 배치 저장: 100개 성공
2025-09-04 01:51:22,222 - INFO - 📊 페이지 60/216 (27.8%) | 예상 남은 시간: 1.6분
2025-09-04 01:51:22,688 - INFO - 배치 저장: 100개 성공
2025-09-04 01:51:23,286 - INFO - 배치 저장: 100개 성공
2025-09-04 01:51:23,941 - INFO - 배치 저장: 100개 성공
2025-09-04 01:51:24,555 - INFO - 배치 저장: 100개 성공
2025-09-04 01:51:25,164 - INFO - 배치 저장: 100개 성공
2025-09-04 01:51:25,735 - INFO - 배치 저장: 100개 성공
2025-09-04 01:51:26,535 - INFO - 배치 저장: 100개 성공
2025-09-04 01:51:27,165 - INFO - 배치 저장: 100개 성공
2025-09-04 01:51:28,784 - INFO - 배치 저장: 100개 성공
2025-09-04 01:51:29,409 - INFO - 배치 저장: 100개 성공
2025-09-04 01:51:29,609 - INFO - 📊 페이지 70/216 (32.4%) | 예상 남은 시간: 1.6분
2025-09-04 01:51:30,010 - INFO - 배치 저장: 100개 성공
2025-09-04 01:51:30,624 - INFO - 배치 저장: 100개 성공
2025-09-04 01:51:31,227 - INFO - 배치 저장: 100개 성공
2025-09-04 01:51:31,845 - INFO - 배치 저장: 100개 성공
2025-09-04 01:51:32,616 - INFO - 배치 저장: 100개 성공
2025-09-04 01:51:33,329 - INFO - 배치 저장: 100개 성공
2025-09-04 01:51:33,934 - INFO - 배치 저장: 100개 성공
2025-09-04 01:51:34,538 - INFO - 배치 저장: 100개 성공
2025-09-04 01:51:35,132 - INFO - 배치 저장: 100개 성공
2025-09-04 01:51:35,750 - INFO - 배치 저장: 100개 성공
2025-09-04 01:51:35,951 - INFO - 📊 페이지 80/216 (37.0%) | 예상 남은 시간: 1.5분
2025-09-04 01:51:36,325 - INFO - 배치 저장: 100개 성공
2025-09-04 01:51:36,958 - INFO - 배치 저장: 100개 성공
2025-09-04 01:51:37,552 - INFO - 배치 저장: 100개 성공
2025-09-04 01:51:38,135 - INFO - 배치 저장: 100개 성공
2025-09-04 01:51:38,783 - INFO - 배치 저장: 100개 성공
2025-09-04 01:51:39,406 - INFO - 배치 저장: 100개 성공
2025-09-04 01:51:40,016 - INFO - 배치 저장: 100개 성공
2025-09-04 01:51:40,649 - INFO - 배치 저장: 100개 성공
2025-09-04 01:51:41,285 - INFO - 배치 저장: 100개 성공
2025-09-04 01:51:41,930 - INFO - 배치 저장: 100개 성공
2025-09-04 01:51:42,131 - INFO - 📊 페이지 90/216 (41.7%) | 예상 남은 시간: 1.3분
2025-09-04 01:51:42,533 - INFO - 배치 저장: 100개 성공
2025-09-04 01:51:43,184 - INFO - 배치 저장: 100개 성공
2025-09-04 01:51:43,776 - INFO - 배치 저장: 100개 성공
2025-09-04 01:51:44,396 - INFO - 배치 저장: 100개 성공
2025-09-04 01:51:45,009 - INFO - 배치 저장: 100개 성공
2025-09-04 01:51:45,636 - INFO - 배치 저장: 100개 성공
2025-09-04 01:51:46,278 - INFO - 배치 저장: 100개 성공
2025-09-04 01:51:46,941 - INFO - 배치 저장: 100개 성공
2025-09-04 01:51:47,567 - INFO - 배치 저장: 100개 성공
2025-09-04 01:51:48,248 - INFO - 배치 저장: 100개 성공
2025-09-04 01:51:48,448 - INFO - 📊 페이지 100/216 (46.3%) | 예상 남은 시간: 1.2분
2025-09-04 01:51:48,860 - INFO - 배치 저장: 100개 성공
2025-09-04 01:51:48,861 - INFO - 🔄 중간 저장 현황: 10,000개 저장 완료
2025-09-04 01:51:49,475 - INFO - 배치 저장: 100개 성공
2025-09-04 01:51:50,092 - INFO - 배치 저장: 100개 성공
2025-09-04 01:51:50,837 - INFO - 배치 저장: 100개 성공
2025-09-04 01:51:51,471 - INFO - 배치 저장: 100개 성공
2025-09-04 01:51:52,631 - INFO - 배치 저장: 100개 성공
2025-09-04 01:51:53,414 - INFO - 배치 저장: 100개 성공
2025-09-04 01:51:54,145 - INFO - 배치 저장: 100개 성공
2025-09-04 01:51:54,801 - INFO - 배치 저장: 100개 성공
2025-09-04 01:51:55,384 - INFO - 배치 저장: 100개 성공
2025-09-04 01:51:55,585 - INFO - 📊 페이지 110/216 (50.9%) | 예상 남은 시간: 1.1분
2025-09-04 01:51:56,119 - INFO - 배치 저장: 100개 성공
2025-09-04 01:51:56,921 - INFO - 배치 저장: 100개 성공
2025-09-04 01:51:57,622 - INFO - 배치 저장: 100개 성공
2025-09-04 01:51:58,246 - INFO - 배치 저장: 100개 성공
2025-09-04 01:51:59,005 - INFO - 배치 저장: 100개 성공
2025-09-04 01:51:59,665 - INFO - 배치 저장: 100개 성공
2025-09-04 01:52:00,330 - INFO - 배치 저장: 100개 성공
2025-09-04 01:52:00,980 - INFO - 배치 저장: 100개 성공
2025-09-04 01:52:01,747 - INFO - 배치 저장: 100개 성공
2025-09-04 01:52:02,579 - INFO - 배치 저장: 100개 성공
2025-09-04 01:52:02,781 - INFO - 📊 페이지 120/216 (55.6%) | 예상 남은 시간: 1.0분
2025-09-04 01:52:03,238 - INFO - 배치 저장: 100개 성공
2025-09-04 01:52:03,962 - INFO - 배치 저장: 100개 성공
2025-09-04 01:52:04,646 - INFO - 배치 저장: 100개 성공
2025-09-04 01:52:05,278 - INFO - 배치 저장: 100개 성공
2025-09-04 01:52:05,970 - INFO - 배치 저장: 100개 성공
2025-09-04 01:52:06,627 - INFO - 배치 저장: 100개 성공
2025-09-04 01:52:07,220 - INFO - 배치 저장: 100개 성공
2025-09-04 01:52:07,857 - INFO - 배치 저장: 100개 성공
2025-09-04 01:52:08,494 - INFO - 배치 저장: 100개 성공
2025-09-04 01:52:09,122 - INFO - 배치 저장: 100개 성공
2025-09-04 01:52:09,323 - INFO - 📊 페이지 130/216 (60.2%) | 예상 남은 시간: 0.9분
2025-09-04 01:52:09,722 - INFO - 배치 저장: 100개 성공
2025-09-04 01:52:10,326 - INFO - 배치 저장: 100개 성공
2025-09-04 01:52:10,995 - INFO - 배치 저장: 100개 성공
2025-09-04 01:52:11,677 - INFO - 배치 저장: 100개 성공
2025-09-04 01:52:12,317 - INFO - 배치 저장: 100개 성공
2025-09-04 01:52:13,043 - INFO - 배치 저장: 100개 성공
2025-09-04 01:52:13,646 - INFO - 배치 저장: 100개 성공
2025-09-04 01:52:14,334 - INFO - 배치 저장: 100개 성공
2025-09-04 01:52:15,033 - INFO - 배치 저장: 100개 성공
2025-09-04 01:52:15,708 - INFO - 배치 저장: 100개 성공
2025-09-04 01:52:15,909 - INFO - 📊 페이지 140/216 (64.8%) | 예상 남은 시간: 0.8분
2025-09-04 01:52:16,357 - INFO - 배치 저장: 100개 성공
2025-09-04 01:52:17,168 - INFO - 배치 저장: 100개 성공
2025-09-04 01:52:17,790 - INFO - 배치 저장: 100개 성공
2025-09-04 01:52:18,418 - INFO - 배치 저장: 100개 성공
2025-09-04 01:52:19,099 - INFO - 배치 저장: 100개 성공
2025-09-04 01:52:19,775 - INFO - 배치 저장: 100개 성공
2025-09-04 01:52:20,431 - INFO - 배치 저장: 100개 성공
2025-09-04 01:52:21,077 - INFO - 배치 저장: 100개 성공
2025-09-04 01:52:21,787 - INFO - 배치 저장: 100개 성공
2025-09-04 01:52:22,520 - INFO - 배치 저장: 100개 성공
2025-09-04 01:52:22,721 - INFO - 📊 페이지 150/216 (69.4%) | 예상 남은 시간: 0.7분
2025-09-04 01:52:23,152 - INFO - 배치 저장: 100개 성공
2025-09-04 01:52:23,152 - INFO - 🔄 중간 저장 현황: 15,000개 저장 완료
2025-09-04 01:52:23,839 - INFO - 배치 저장: 100개 성공
2025-09-04 01:52:24,460 - INFO - 배치 저장: 100개 성공
2025-09-04 01:52:25,139 - INFO - 배치 저장: 100개 성공
2025-09-04 01:52:25,826 - INFO - 배치 저장: 100개 성공
2025-09-04 01:52:26,538 - INFO - 배치 저장: 100개 성공
2025-09-04 01:52:27,200 - INFO - 배치 저장: 100개 성공
2025-09-04 01:52:27,886 - INFO - 배치 저장: 100개 성공
2025-09-04 01:52:28,576 - INFO - 배치 저장: 100개 성공
2025-09-04 01:52:29,242 - INFO - 배치 저장: 100개 성공
2025-09-04 01:52:29,444 - INFO - 📊 페이지 160/216 (74.1%) | 예상 남은 시간: 0.6분
2025-09-04 01:52:30,033 - INFO - 배치 저장: 100개 성공
2025-09-04 01:52:30,667 - INFO - 배치 저장: 100개 성공
2025-09-04 01:52:31,396 - INFO - 배치 저장: 100개 성공
2025-09-04 01:52:32,018 - INFO - 배치 저장: 100개 성공
2025-09-04 01:52:32,659 - INFO - 배치 저장: 100개 성공
2025-09-04 01:52:33,310 - INFO - 배치 저장: 100개 성공
2025-09-04 01:52:33,989 - INFO - 배치 저장: 100개 성공
2025-09-04 01:52:34,612 - INFO - 배치 저장: 100개 성공
2025-09-04 01:52:35,208 - INFO - 배치 저장: 100개 성공
2025-09-04 01:52:35,939 - INFO - 배치 저장: 100개 성공
2025-09-04 01:52:36,139 - INFO - 📊 페이지 170/216 (78.7%) | 예상 남은 시간: 0.5분
2025-09-04 01:52:36,702 - INFO - 배치 저장: 100개 성공
2025-09-04 01:52:37,360 - INFO - 배치 저장: 100개 성공
2025-09-04 01:52:37,982 - INFO - 배치 저장: 100개 성공
2025-09-04 01:52:38,727 - INFO - 배치 저장: 100개 성공
2025-09-04 01:52:39,419 - INFO - 배치 저장: 100개 성공
2025-09-04 01:52:40,137 - INFO - 배치 저장: 100개 성공
2025-09-04 01:52:40,816 - INFO - 배치 저장: 100개 성공
2025-09-04 01:52:41,494 - INFO - 배치 저장: 100개 성공
2025-09-04 01:52:42,154 - INFO - 배치 저장: 100개 성공
2025-09-04 01:52:42,780 - INFO - 배치 저장: 100개 성공
2025-09-04 01:52:42,982 - INFO - 📊 페이지 180/216 (83.3%) | 예상 남은 시간: 0.4분
2025-09-04 01:52:43,531 - INFO - 배치 저장: 100개 성공
2025-09-04 01:52:44,153 - INFO - 배치 저장: 100개 성공
2025-09-04 01:52:44,793 - INFO - 배치 저장: 100개 성공
2025-09-04 01:52:45,441 - INFO - 배치 저장: 100개 성공
2025-09-04 01:52:46,156 - INFO - 배치 저장: 100개 성공
2025-09-04 01:52:46,836 - INFO - 배치 저장: 100개 성공
2025-09-04 01:52:47,493 - INFO - 배치 저장: 100개 성공
2025-09-04 01:52:48,121 - INFO - 배치 저장: 100개 성공
2025-09-04 01:52:48,783 - INFO - 배치 저장: 100개 성공
2025-09-04 01:52:49,533 - INFO - 배치 저장: 100개 성공
2025-09-04 01:52:49,735 - INFO - 📊 페이지 190/216 (88.0%) | 예상 남은 시간: 0.3분
2025-09-04 01:52:50,196 - INFO - 배치 저장: 100개 성공
2025-09-04 01:52:50,833 - INFO - 배치 저장: 100개 성공
2025-09-04 01:52:51,551 - INFO - 배치 저장: 100개 성공
2025-09-04 01:52:52,362 - INFO - 배치 저장: 100개 성공
2025-09-04 01:52:53,053 - INFO - 배치 저장: 100개 성공
2025-09-04 01:52:53,688 - INFO - 배치 저장: 100개 성공
2025-09-04 01:52:54,373 - INFO - 배치 저장: 100개 성공
2025-09-04 01:52:55,257 - INFO - 배치 저장: 100개 성공
2025-09-04 01:52:55,930 - INFO - 배치 저장: 100개 성공
2025-09-04 01:52:56,604 - INFO - 배치 저장: 100개 성공
2025-09-04 01:52:56,805 - INFO - 📊 페이지 200/216 (92.6%) | 예상 남은 시간: 0.2분
2025-09-04 01:52:57,235 - INFO - 배치 저장: 100개 성공
2025-09-04 01:52:57,236 - INFO - 🔄 중간 저장 현황: 20,000개 저장 완료
2025-09-04 01:52:57,877 - INFO - 배치 저장: 100개 성공
2025-09-04 01:52:58,648 - INFO - 배치 저장: 100개 성공
2025-09-04 01:52:59,360 - INFO - 배치 저장: 100개 성공
2025-09-04 01:53:00,027 - INFO - 배치 저장: 100개 성공
2025-09-04 01:53:00,758 - INFO - 배치 저장: 100개 성공
2025-09-04 01:53:01,447 - INFO - 배치 저장: 100개 성공
2025-09-04 01:53:02,322 - INFO - 배치 저장: 100개 성공
2025-09-04 01:53:03,022 - INFO - 배치 저장: 100개 성공
2025-09-04 01:53:03,968 - INFO - 배치 저장: 100개 성공
2025-09-04 01:53:04,170 - INFO - 📊 페이지 210/216 (97.2%) | 예상 남은 시간: 0.1분
2025-09-04 01:53:04,639 - INFO - 배치 저장: 100개 성공
2025-09-04 01:53:05,413 - INFO - 배치 저장: 100개 성공
2025-09-04 01:53:06,061 - INFO - 배치 저장: 100개 성공
2025-09-04 01:53:06,757 - INFO - 배치 저장: 100개 성공
2025-09-04 01:53:07,396 - INFO - 배치 저장: 100개 성공
2025-09-04 01:53:07,992 - INFO - 배치 저장: 100개 성공
2025-09-04 01:53:08,626 - INFO - 배치 저장: 51개 성공
2025-09-04 01:53:08,828 - INFO - ============================================================
2025-09-04 01:53:08,828 - INFO - 수집 완료!
2025-09-04 01:53:08,828 - INFO - 총 저장된 성분: 21,551개
2025-09-04 01:53:08,828 - INFO - 소요 시간: 2.4분
2025-09-04 01:53:08,828 - INFO - ============================================================
